2025-06-25 04:29:38,353 - INFO - ๐ ุจุฏุก ูุญุต ูููุงุช ุงูุจูุงูุงุช ุงูุฎุงู...
2025-06-25 04:29:38,360 - INFO - โ ุชู ุชุญููู ุงูููู ุจูุฌุงุญ: sample_data.csv (6 ุตูููุ 6 ุฃุนูุฏุฉุ 2 ููู ููููุฏุฉ)
2025-06-25 04:29:38,367 - INFO - โ ุชู ุญูุธ ุณุฌู ุงููุญุต ูู: C:\Users\PC\PycharmProjects\PythonProject10\data_intelligence_system\logs\raw_check_log_20250625_042938.csv
2025-06-25 18:44:07,434 - INFO - ๐ ุจุฏุก ูุญุต ูููุงุช ุงูุจูุงูุงุช ุงูุฎุงู...
2025-06-25 18:44:07,446 - INFO - โ ุชู ุชุญููู ุงูููู ุจูุฌุงุญ: 20250625_051246_sample_data.csv (6 ุตูููุ 6 ุฃุนูุฏุฉุ 2 ููู ููููุฏุฉ)
2025-06-25 18:44:07,449 - INFO - โ ุชู ุชุญููู ุงูููู ุจูุฌุงุญ: 20250625_051246_sample_data.metadata.csv (1 ุตูููุ 18 ุฃุนูุฏุฉุ 0 ููู ููููุฏุฉ)
2025-06-25 18:44:07,454 - INFO - โ ุชู ุชุญููู ุงูููู ุจูุฌุงุญ: 20250625_051246_sample_data.metadata.json (1 ุตูููุ 18 ุฃุนูุฏุฉุ 0 ููู ููููุฏุฉ)
2025-06-25 18:44:07,464 - INFO - โ ุชู ุญูุธ ุณุฌู ุงููุญุต ูู: C:\Users\PC\PycharmProjects\PythonProject10\data_intelligence_system\logs\raw_check_log_20250625_184407.csv
2025-06-28 18:38:09,438 - INFO - ๐ ุจุฏุก ูุญุต ูููุงุช ุงูุจูุงูุงุช ุงูุฎุงู...
2025-06-28 18:38:09,439 - INFO - โฉ ุชุฌุงูู ููู ุบูุฑ ูุฏุนูู ุฃู ุบูุฑ ููู ุนุงุฏู: archive_raw_file.py
2025-06-28 18:38:09,439 - INFO - โฉ ุชุฌุงูู ููู ุบูุฑ ูุฏุนูู ุฃู ุบูุฑ ููู ุนุงุฏู: check_raw_data.py
2025-06-28 18:38:09,439 - INFO - โฉ ุชุฌุงูู ููู ุบูุฑ ูุฏุนูู ุฃู ุบูุฑ ููู ุนุงุฏู: convert_format.py
2025-06-28 18:38:09,439 - INFO - โฉ ุชุฌุงูู ููู ุบูุฑ ูุฏุนูู ุฃู ุบูุฑ ููู ุนุงุฏู: generate_metadata.py
2025-06-28 18:38:09,439 - INFO - โฉ ุชุฌุงูู ููู ุบูุฑ ูุฏุนูู ุฃู ุบูุฑ ููู ุนุงุฏู: register_sources.py
2025-06-28 18:38:09,439 - INFO - โฉ ุชุฌุงูู ููู ุบูุฑ ูุฏุนูู ุฃู ุบูุฑ ููู ุนุงุฏู: validate_structure.py
2025-06-28 18:38:09,439 - INFO - โฉ ุชุฌุงูู ููู ุบูุฑ ูุฏุนูู ุฃู ุบูุฑ ููู ุนุงุฏู: 20250620_142645
2025-06-28 18:38:09,446 - INFO - โ ุชู ุชุญููู ุงูููู ุจูุฌุงุญ: 20250625_051246_sample_data.csv (6 ุตูููุ 6 ุฃุนูุฏุฉุ 2 ููู ููููุฏุฉ)
2025-06-28 18:38:09,447 - INFO - โ ุชู ุชุญููู ุงูููู ุจูุฌุงุญ: 20250625_051246_sample_data.metadata.csv (1 ุตูููุ 18 ุฃุนูุฏุฉุ 0 ููู ููููุฏุฉ)
2025-06-28 18:38:09,449 - INFO - โ ุชู ุชุญููู ุงูููู ุจูุฌุงุญ: 20250625_051246_sample_data.metadata.json (1 ุตูููุ 18 ุฃุนูุฏุฉุ 0 ููู ููููุฏุฉ)
2025-06-28 18:38:09,461 - INFO - โ ุชู ุญูุธ ุณุฌู ุงููุญุต ูู: C:\Users\PC\PycharmProjects\PythonProject10\data_intelligence_system\logs\raw_check_log_20250628_183809.csv
2025-06-28 18:51:31,622 - INFO - ๐ ุจุฏุก ูุญุต ูููุงุช ุงูุจูุงูุงุช ุงูุฎุงู...
2025-06-28 18:51:31,623 - INFO - โฉ ุชุฌุงูู ููู ุบูุฑ ูุฏุนูู ุฃู ุบูุฑ ููู ุนุงุฏู: archive_raw_file.py
2025-06-28 18:51:31,623 - INFO - โฉ ุชุฌุงูู ููู ุบูุฑ ูุฏุนูู ุฃู ุบูุฑ ููู ุนุงุฏู: check_raw_data.py
2025-06-28 18:51:31,623 - INFO - โฉ ุชุฌุงูู ููู ุบูุฑ ูุฏุนูู ุฃู ุบูุฑ ููู ุนุงุฏู: convert_format.py
2025-06-28 18:51:31,623 - INFO - โฉ ุชุฌุงูู ููู ุบูุฑ ูุฏุนูู ุฃู ุบูุฑ ููู ุนุงุฏู: generate_metadata.py
2025-06-28 18:51:31,623 - INFO - โฉ ุชุฌุงูู ููู ุบูุฑ ูุฏุนูู ุฃู ุบูุฑ ููู ุนุงุฏู: register_sources.py
2025-06-28 18:51:31,623 - INFO - โฉ ุชุฌุงูู ููู ุบูุฑ ูุฏุนูู ุฃู ุบูุฑ ููู ุนุงุฏู: validate_structure.py
2025-06-28 18:51:31,623 - INFO - โฉ ุชุฌุงูู ููู ุบูุฑ ูุฏุนูู ุฃู ุบูุฑ ููู ุนุงุฏู: 20250620_142645
2025-06-28 18:51:31,632 - INFO - โ ุชู ุชุญููู ุงูููู ุจูุฌุงุญ: 20250625_051246_sample_data.csv (6 ุตูููุ 6 ุฃุนูุฏุฉุ 2 ููู ููููุฏุฉ)
2025-06-28 18:51:31,634 - INFO - โ ุชู ุชุญููู ุงูููู ุจูุฌุงุญ: 20250625_051246_sample_data.metadata.csv (1 ุตูููุ 18 ุฃุนูุฏุฉุ 0 ููู ููููุฏุฉ)
2025-06-28 18:51:31,636 - INFO - โ ุชู ุชุญููู ุงูููู ุจูุฌุงุญ: 20250625_051246_sample_data.metadata.json (1 ุตูููุ 18 ุฃุนูุฏุฉุ 0 ููู ููููุฏุฉ)
2025-06-28 18:51:31,636 - INFO - โฉ ุชุฌุงูู ููู ุบูุฑ ูุฏุนูู ุฃู ุบูุฑ ููู ุนุงุฏู: check_raw_data.cpython-313.pyc
2025-06-28 18:51:31,639 - INFO - โ ุชู ุญูุธ ุณุฌู ุงููุญุต ูู: C:\Users\PC\PycharmProjects\PythonProject10\data_intelligence_system\logs\raw_check_log_20250628_185131.csv
2025-07-03 21:44:36,067 - INFO - ๐ ุจุฏุก ูุญุต ูููุงุช ุงูุจูุงูุงุช ุงูุฎุงู...
2025-07-03 21:44:36,076 - INFO - โ 20250628_201905_150d00d2.csv (1000 ุตูููุ 7 ุฃุนูุฏุฉุ 0 ููู ููููุฏุฉ)
2025-07-03 21:44:36,076 - INFO - โฉ ุชุฌุงูู ููู ุบูุฑ ูุฏุนูู ุฃู ุบูุฑ ููู ุนุงุฏู: archive_raw_file.py
2025-07-03 21:44:36,076 - INFO - โฉ ุชุฌุงูู ููู ุบูุฑ ูุฏุนูู ุฃู ุบูุฑ ููู ุนุงุฏู: check_raw_data.py
2025-07-03 21:44:36,076 - INFO - โฉ ุชุฌุงูู ููู ุบูุฑ ูุฏุนูู ุฃู ุบูุฑ ููู ุนุงุฏู: convert_format.py
2025-07-03 21:44:36,077 - INFO - โฉ ุชุฌุงูู ููู ุบูุฑ ูุฏุนูู ุฃู ุบูุฑ ููู ุนุงุฏู: generate_metadata.py
2025-07-03 21:44:36,079 - INFO - โ oil_production_synthetic.csv (1095 ุตูููุ 7 ุฃุนูุฏุฉุ 0 ููู ููููุฏุฉ)
2025-07-03 21:44:36,079 - INFO - โฉ ุชุฌุงูู ููู ุบูุฑ ูุฏุนูู ุฃู ุบูุฑ ููู ุนุงุฏู: register_sources.py
2025-07-03 21:44:36,080 - INFO - โฉ ุชุฌุงูู ููู ุบูุฑ ูุฏุนูู ุฃู ุบูุฑ ููู ุนุงุฏู: validate_structure.py
2025-07-03 21:44:36,080 - INFO - โฉ ุชุฌุงูู ููู ุบูุฑ ูุฏุนูู ุฃู ุบูุฑ ููู ุนุงุฏู: 20250620_142645
2025-07-03 21:44:36,083 - INFO - โ 20250625_051246_sample_data.csv (6 ุตูููุ 6 ุฃุนูุฏุฉุ 2 ููู ููููุฏุฉ)
2025-07-03 21:44:36,085 - INFO - โ 20250625_051246_sample_data.metadata.csv (1 ุตูููุ 18 ุฃุนูุฏุฉุ 0 ููู ููููุฏุฉ)
2025-07-03 21:44:36,088 - INFO - โ 20250625_051246_sample_data.metadata.json (1 ุตูููุ 18 ุฃุนูุฏุฉุ 0 ููู ููููุฏุฉ)
2025-07-03 21:44:36,091 - INFO - โฉ ุชุฌุงูู ููู ุบูุฑ ูุฏุนูู ุฃู ุบูุฑ ููู ุนุงุฏู: check_raw_data.cpython-313.pyc
2025-07-03 21:44:36,102 - INFO - โ ุชู ุญูุธ ุณุฌู ุงููุญุต ูู: c:\Users\PC\PycharmProjects\PythonProject10\data_intelligence_system\logs\raw_check_log_20250703_214436.csv
2025-07-03 21:56:55,507 - INFO - ๐ ุจุฏุก ูุญุต ูููุงุช ุงูุจูุงูุงุช ุงูุฎุงู...
2025-07-03 21:56:55,521 - INFO - โ 20250628_201905_150d00d2.csv (1000 ุตูููุ 7 ุฃุนูุฏุฉุ 0 ููู ููููุฏุฉ)
2025-07-03 21:56:55,521 - INFO - โฉ ุชุฌุงูู ููู ุบูุฑ ูุฏุนูู ุฃู ุบูุฑ ููู ุนุงุฏู: archive_raw_file.py
2025-07-03 21:56:55,521 - INFO - โฉ ุชุฌุงูู ููู ุบูุฑ ูุฏุนูู ุฃู ุบูุฑ ููู ุนุงุฏู: check_raw_data.py
2025-07-03 21:56:55,521 - INFO - โฉ ุชุฌุงูู ููู ุบูุฑ ูุฏุนูู ุฃู ุบูุฑ ููู ุนุงุฏู: convert_format.py
2025-07-03 21:56:55,522 - INFO - โฉ ุชุฌุงูู ููู ุบูุฑ ูุฏุนูู ุฃู ุบูุฑ ููู ุนุงุฏู: generate_metadata.py
2025-07-03 21:56:55,525 - INFO - โ oil_production_synthetic.csv (1095 ุตูููุ 7 ุฃุนูุฏุฉุ 0 ููู ููููุฏุฉ)
2025-07-03 21:56:55,525 - INFO - โฉ ุชุฌุงูู ููู ุบูุฑ ูุฏุนูู ุฃู ุบูุฑ ููู ุนุงุฏู: register_sources.py
2025-07-03 21:56:55,526 - INFO - โฉ ุชุฌุงูู ููู ุบูุฑ ูุฏุนูู ุฃู ุบูุฑ ููู ุนุงุฏู: validate_structure.py
2025-07-03 21:56:55,527 - INFO - โฉ ุชุฌุงูู ููู ุบูุฑ ูุฏุนูู ุฃู ุบูุฑ ููู ุนุงุฏู: 20250620_142645
2025-07-03 21:56:55,529 - INFO - โ 20250625_051246_sample_data.csv (6 ุตูููุ 6 ุฃุนูุฏุฉุ 2 ููู ููููุฏุฉ)
2025-07-03 21:56:55,532 - INFO - โ 20250625_051246_sample_data.metadata.csv (1 ุตูููุ 18 ุฃุนูุฏุฉุ 0 ููู ููููุฏุฉ)
2025-07-03 21:56:55,536 - INFO - โ 20250625_051246_sample_data.metadata.json (1 ุตูููุ 18 ุฃุนูุฏุฉุ 0 ููู ููููุฏุฉ)
2025-07-03 21:56:55,537 - INFO - โฉ ุชุฌุงูู ููู ุบูุฑ ูุฏุนูู ุฃู ุบูุฑ ููู ุนุงุฏู: check_raw_data.cpython-313.pyc
2025-07-03 21:56:55,540 - INFO - โ ุชู ุญูุธ ุณุฌู ุงููุญุต ูู: c:\Users\PC\PycharmProjects\PythonProject10\data_intelligence_system\logs\raw_check_log_20250703_215655.csv
